{"message":"Holler from Fuber! Listening on 3000!","level":"info","service":"Fuber"}
{"message":"Holler from Fuber! Listening on 3000!","level":"info","service":"Fuber"}
{"message":"Holler from Fuber! Listening on 3000!","level":"info","service":"Fuber"}
{"message":"Holler from Fuber! Listening on 3000!","level":"info","service":"Fuber"}
{"message":"Overriding 'Express' logger","level":"debug","service":"Fuber"}
{"message":"Holler from Fuber! Listening on 3000!","level":"info","service":"Fuber"}
{"message":"Overriding 'Express' logger","level":"debug","service":"Fuber"}
{"message":"Holler from Fuber! Listening on 3000!","level":"info","service":"Fuber"}
{"message":"Overriding 'Express' logger","level":"debug","service":"Fuber"}
{"message":"Holler from Fuber! Listening on 3000!","level":"info","service":"Fuber"}
{"message":"Overriding 'Express' logger","level":"debug","service":"Fuber"}
{"message":"Holler from Fuber! Listening on 3000!","level":"info","service":"Fuber"}
{"message":"Overriding 'Express' logger","level":"\u001b[34mdebug\u001b[39m","service":"Fuber"}
{"message":"Holler from Fuber! Listening on 3000!","level":"\u001b[32minfo\u001b[39m","service":"Fuber"}
{"message":"Overriding 'Express' logger","level":"\u001b[34mdebug\u001b[39m","service":"Fuber"}
{"message":"Holler from Fuber! Listening on undefined!","level":"\u001b[32minfo\u001b[39m","service":"Fuber"}
{"message":"Overriding 'Express' logger","level":"\u001b[34mdebug\u001b[39m","service":"Fuber"}
{"message":"Holler from Fuber! Listening on undefined!","level":"\u001b[32minfo\u001b[39m","service":"Fuber"}
{"message":"Overriding 'Express' logger","level":"\u001b[34mdebug\u001b[39m","service":"Fuber"}
{"message":"Holler from Fuber! Listening on undefined!","level":"\u001b[32minfo\u001b[39m","service":"Fuber"}
{"message":"Overriding 'Express' logger","level":"\u001b[34mdebug\u001b[39m","service":"Fuber"}
{"message":"Holler from Fuber! Listening on undefined!","level":"\u001b[32minfo\u001b[39m","service":"Fuber"}
{"message":"Overriding 'Express' logger","level":"\u001b[34mdebug\u001b[39m","service":"Fuber"}
{"message":"Holler from Fuber! Listening on undefined!","level":"\u001b[32minfo\u001b[39m","service":"Fuber"}
{"message":"Overriding 'Express' logger","level":"\u001b[34mdebug\u001b[39m","service":"Fuber"}
{"message":"Holler from Fuber! Listening on undefined!","level":"\u001b[32minfo\u001b[39m","service":"Fuber"}
{"message":"Overriding 'Express' logger","level":"\u001b[34mdebug\u001b[39m","service":"Fuber"}
{"message":"Holler from Fuber! Listening on undefined!","level":"\u001b[32minfo\u001b[39m","service":"Fuber"}
{"message":"Overriding 'Express' logger","level":"\u001b[34mdebug\u001b[39m","service":"Fuber"}
{"message":"Holler from Fuber! Listening on undefined!","level":"\u001b[32minfo\u001b[39m","service":"Fuber"}
{"message":"Overriding 'Express' logger","level":"\u001b[34mdebug\u001b[39m","service":"Fuber"}
{"message":"Holler from Fuber! Listening on undefined!","level":"\u001b[32minfo\u001b[39m","service":"Fuber"}
{"message":"Overriding 'Express' logger","level":"\u001b[34mdebug\u001b[39m","service":"Fuber"}
{"message":"Holler from Fuber! Listening on undefined!","level":"\u001b[32minfo\u001b[39m","service":"Fuber"}
{"message":"Overriding 'Express' logger","level":"\u001b[34mdebug\u001b[39m","service":"Fuber"}
{"message":"Holler from Fuber! Listening on undefined!","level":"\u001b[32minfo\u001b[39m","service":"Fuber"}
{"message":"Overriding 'Express' logger","level":"\u001b[34mdebug\u001b[39m","service":"Fuber"}
{"message":"Holler from Fuber! Listening on undefined!","level":"\u001b[32minfo\u001b[39m","service":"Fuber"}
{"message":"Overriding 'Express' logger","level":"\u001b[34mdebug\u001b[39m","service":"Fuber"}
{"message":"Holler from Fuber! Listening on 3000!","level":"\u001b[32minfo\u001b[39m","service":"Fuber"}
{"message":"Overriding 'Express' logger","level":"\u001b[34mdebug\u001b[39m","service":"Fuber"}
{"message":"Holler from Fuber! Listening on 3000!","level":"\u001b[32minfo\u001b[39m","service":"Fuber"}
{"message":"Overriding 'Express' logger","level":"\u001b[34mdebug\u001b[39m","service":"Fuber"}
{"message":"Holler from Fuber! Listening on 3000!","level":"\u001b[32minfo\u001b[39m","service":"Fuber"}
{"message":"Overriding 'Express' logger","level":"\u001b[34mdebug\u001b[39m","service":"Fuber"}
{"message":"Holler from Fuber! Listening on 3000!","level":"\u001b[32minfo\u001b[39m","service":"Fuber"}
{"message":"Overriding 'Express' logger","level":"\u001b[34mdebug\u001b[39m","service":"Fuber"}
{"message":"Holler from Fuber! Listening on 3000!","level":"\u001b[32minfo\u001b[39m","service":"Fuber"}
{"message":"Overriding 'Express' logger","level":"\u001b[34mdebug\u001b[39m","service":"Fuber"}
{"message":"Holler from Fuber! Listening on 3000!","level":"\u001b[32minfo\u001b[39m","service":"Fuber"}
{"message":"Overriding 'Express' logger","level":"\u001b[34mdebug\u001b[39m","service":"Fuber"}
{"message":"Holler from Fuber! Listening on 3000!","level":"\u001b[32minfo\u001b[39m","service":"Fuber"}
{"message":"Overriding 'Express' logger","level":"\u001b[34mdebug\u001b[39m","service":"Fuber"}
{"message":"Holler from Fuber! Listening on 3000!","level":"\u001b[32minfo\u001b[39m","service":"Fuber"}
{"message":"Overriding 'Express' logger","level":"\u001b[34mdebug\u001b[39m","service":"Fuber"}
{"message":"Holler from Fuber! Listening on 3000!","level":"\u001b[32minfo\u001b[39m","service":"Fuber"}
{"message":"Overriding 'Express' logger","level":"\u001b[34mdebug\u001b[39m","service":"Fuber"}
{"message":"Holler from Fuber! Listening on 3000!","level":"\u001b[32minfo\u001b[39m","service":"Fuber"}
{"message":"Overriding 'Express' logger","level":"\u001b[34mdebug\u001b[39m","service":"Fuber"}
{"message":"Holler from Fuber! Listening on 3000!","level":"\u001b[32minfo\u001b[39m","service":"Fuber"}
{"message":"Overriding 'Express' logger","level":"\u001b[34mdebug\u001b[39m","service":"Fuber"}
{"message":"Holler from Fuber! Listening on 3000!","level":"\u001b[32minfo\u001b[39m","service":"Fuber"}
{"message":"Overriding 'Express' logger","level":"\u001b[34mdebug\u001b[39m","service":"Fuber"}
{"message":"Holler from Fuber! Listening on 3000!","level":"\u001b[32minfo\u001b[39m","service":"Fuber"}
{"message":"Overriding 'Express' logger","level":"\u001b[34mdebug\u001b[39m","service":"Fuber"}
{"message":"Holler from Fuber! Listening on 3000!","level":"\u001b[32minfo\u001b[39m","service":"Fuber"}
{"message":"Overriding 'Express' logger","level":"\u001b[34mdebug\u001b[39m","service":"Fuber"}
{"message":"Holler from Fuber! Listening on 3000!","level":"\u001b[32minfo\u001b[39m","service":"Fuber"}
{"message":"Overriding 'Express' logger","level":"\u001b[34mdebug\u001b[39m","service":"Fuber"}
{"message":"Holler from Fuber! Listening on 3000!","level":"\u001b[32minfo\u001b[39m","service":"Fuber"}
{"message":"Overriding 'Express' logger","level":"\u001b[34mdebug\u001b[39m","service":"Fuber"}
{"message":"Holler from Fuber! Listening on 3000!","level":"\u001b[32minfo\u001b[39m","service":"Fuber"}
{"message":"Overriding 'Express' logger","level":"\u001b[34mdebug\u001b[39m","service":"Fuber"}
{"message":"Holler from Fuber! Listening on 3000!","level":"\u001b[32minfo\u001b[39m","service":"Fuber"}
{"message":"Overriding 'Express' logger","level":"\u001b[34mdebug\u001b[39m","service":"Fuber"}
{"message":"Holler from Fuber! Listening on 3000!","level":"\u001b[32minfo\u001b[39m","service":"Fuber"}
{"message":"Overriding 'Express' logger","level":"\u001b[34mdebug\u001b[39m","service":"Fuber"}
{"message":"Holler from Fuber! Listening on 3000!","level":"\u001b[32minfo\u001b[39m","service":"Fuber"}
{"message":"Overriding 'Express' logger","level":"\u001b[34mdebug\u001b[39m","service":"Fuber"}
{"message":"Holler from Fuber! Listening on 3000!","level":"\u001b[32minfo\u001b[39m","service":"Fuber"}
{"message":"Overriding 'Express' logger","level":"\u001b[34mdebug\u001b[39m","service":"Fuber"}
{"message":"Holler from Fuber! Listening on 3000!","level":"\u001b[32minfo\u001b[39m","service":"Fuber"}
{"message":"Overriding 'Express' logger","level":"\u001b[34mdebug\u001b[39m","service":"Fuber"}
{"message":"Holler from Fuber! Listening on 3000!","level":"\u001b[32minfo\u001b[39m","service":"Fuber"}
{"message":"Overriding 'Express' logger","level":"\u001b[34mdebug\u001b[39m","service":"Fuber"}
{"message":"Holler from Fuber! Listening on 3000!","level":"\u001b[32minfo\u001b[39m","service":"Fuber"}
{"message":"Overriding 'Express' logger","level":"\u001b[34mdebug\u001b[39m","service":"Fuber"}
{"message":"Holler from Fuber! Listening on 3000!","level":"\u001b[32minfo\u001b[39m","service":"Fuber"}
{"message":"Overriding 'Express' logger","level":"\u001b[34mdebug\u001b[39m","service":"Fuber"}
{"message":"Holler from Fuber! Listening on 3000!","level":"\u001b[32minfo\u001b[39m","service":"Fuber"}
{"message":"Overriding 'Express' logger","level":"\u001b[34mdebug\u001b[39m","service":"Fuber"}
{"message":"Holler from Fuber! Listening on 3000!","level":"\u001b[32minfo\u001b[39m","service":"Fuber"}
{"message":"Overriding 'Express' logger","level":"\u001b[34mdebug\u001b[39m","service":"Fuber"}
{"message":"Holler from Fuber! Listening on 3000!","level":"\u001b[32minfo\u001b[39m","service":"Fuber"}
{"message":"Overriding 'Express' logger","level":"\u001b[34mdebug\u001b[39m","service":"Fuber"}
{"message":"Holler from Fuber! Listening on 3000!","level":"\u001b[32minfo\u001b[39m","service":"Fuber"}
{"message":"Overriding 'Express' logger","level":"\u001b[34mdebug\u001b[39m","service":"Fuber"}
{"message":"Holler from Fuber! Listening on 3000!","level":"\u001b[32minfo\u001b[39m","service":"Fuber"}
{"message":"Overriding 'Express' logger","level":"\u001b[34mdebug\u001b[39m","service":"Fuber"}
{"message":"Holler from Fuber! Listening on 3000!","level":"\u001b[32minfo\u001b[39m","service":"Fuber"}
{"message":"Overriding 'Express' logger","level":"\u001b[34mdebug\u001b[39m","service":"Fuber"}
{"message":"Holler from Fuber! Listening on 3000!","level":"\u001b[32minfo\u001b[39m","service":"Fuber"}
{"message":"Overriding 'Express' logger","level":"\u001b[34mdebug\u001b[39m","service":"Fuber"}
{"message":"Holler from Fuber! Listening on 3000!","level":"\u001b[32minfo\u001b[39m","service":"Fuber"}
{"message":"Overriding 'Express' logger","level":"\u001b[34mdebug\u001b[39m","service":"Fuber"}
{"message":"Holler from Fuber! Listening on 3000!","level":"\u001b[32minfo\u001b[39m","service":"Fuber"}
{"message":"Overriding 'Express' logger","level":"\u001b[34mdebug\u001b[39m","service":"Fuber"}
{"message":"Holler from Fuber! Listening on 3000!","level":"\u001b[32minfo\u001b[39m","service":"Fuber"}
{"message":"Overriding 'Express' logger","level":"\u001b[34mdebug\u001b[39m","service":"Fuber"}
{"message":"Holler from Fuber! Listening on 3000!","level":"\u001b[32minfo\u001b[39m","service":"Fuber"}
{"message":"Overriding 'Express' logger","level":"\u001b[34mdebug\u001b[39m","service":"Fuber"}
{"message":"Holler from Fuber! Listening on 3000!","level":"\u001b[32minfo\u001b[39m","service":"Fuber"}
{"message":"Overriding 'Express' logger","level":"\u001b[34mdebug\u001b[39m","service":"Fuber"}
{"message":"Holler from Fuber! Listening on 3000!","level":"\u001b[32minfo\u001b[39m","service":"Fuber"}
{"message":"Overriding 'Express' logger","level":"\u001b[34mdebug\u001b[39m","service":"Fuber"}
{"message":"Holler from Fuber! Listening on 3000!","level":"\u001b[32minfo\u001b[39m","service":"Fuber"}
